<?xml version="1.0" encoding="UTF-8"?>
<!-- Generated by org.testng.reporters.JUnitReportReporter -->
<testsuite hostname="Volodymyrs-MacBook-Pro.local" failures="0" tests="2" name="firstTaskAPI.tests.getAndPostTests" time="1.149" errors="0" timestamp="2025-01-09T21:24:08 EET" skipped="0">
  <testcase classname="firstTaskAPI.tests.getAndPostTests" name="testPostRequest" time="0.398"/>
  <system-out/>
  <testcase classname="firstTaskAPI.tests.getAndPostTests" name="testGetRequest" time="0.751"/>
  <system-out/>
</testsuite> <!-- firstTaskAPI.tests.getAndPostTests -->
