<?xml version="1.0" encoding="UTF-8"?>
<!-- Generated by org.testng.reporters.JUnitReportReporter -->
<testsuite hostname="Volodymyrs-MacBook-Pro.local" failures="0" tests="1" name="secondTaskUI.tests.MainPageTest" time="1.623" errors="0" timestamp="2025-01-09T21:24:08 EET" skipped="0">
  <testcase classname="secondTaskUI.tests.MainPageTest" name="testPageTitle" time="1.623"/>
  <system-out/>
</testsuite> <!-- secondTaskUI.tests.MainPageTest -->
