<?xml version="1.0" encoding="UTF-8"?>
<!-- Generated by org.testng.reporters.JUnitReportReporter -->
<testsuite hostname="Volodymyrs-MacBook-Pro.local" failures="0" tests="1" name="secondTaskUI.tests.UITest" time="1.744" errors="0" timestamp="2025-01-09T21:35:19 EET" skipped="0">
  <testcase classname="secondTaskUI.tests.UITest" name="testPageTitle" time="1.744"/>
  <system-out/>
</testsuite> <!-- secondTaskUI.tests.UITest -->
