<?xml version="1.0" encoding="UTF-8"?>
<!-- Generated by org.testng.reporters.JUnitReportReporter -->
<testsuite hostname="Volodymyrs-MacBook-Pro.local" failures="0" tests="2" name="firstTaskAPI.tests.ApiTests" time="1.177" errors="0" timestamp="2025-01-09T21:35:19 EET" skipped="0">
  <testcase classname="firstTaskAPI.tests.ApiTests" name="testPostRequest" time="0.387"/>
  <system-out/>
  <testcase classname="firstTaskAPI.tests.ApiTests" name="testGetRequest" time="0.790"/>
  <system-out/>
</testsuite> <!-- firstTaskAPI.tests.ApiTests -->
